2021-04-05 04:22:08,245 INFO o.a.j.u.JMeterUtils: Setting Locale to en_EN
2021-04-05 04:22:08,277 INFO o.a.j.JMeter: Loading user properties from: C:\Users\kfide\Downloads\apache-jmeter-5.4.1\apache-jmeter-5.4.1\bin\user.properties
2021-04-05 04:22:08,278 INFO o.a.j.JMeter: Loading system properties from: C:\Users\kfide\Downloads\apache-jmeter-5.4.1\apache-jmeter-5.4.1\bin\system.properties
2021-04-05 04:22:08,279 INFO o.a.j.JMeter: Setting JMeter property: jmeter.save.saveservice.output_format=xml
2021-04-05 04:22:08,297 INFO o.a.j.JMeter: Copyright (c) 1998-2021 The Apache Software Foundation
2021-04-05 04:22:08,297 INFO o.a.j.JMeter: Version 5.4.1
2021-04-05 04:22:08,297 INFO o.a.j.JMeter: java.version=1.8.0_261
2021-04-05 04:22:08,297 INFO o.a.j.JMeter: java.vm.name=Java HotSpot(TM) 64-Bit Server VM
2021-04-05 04:22:08,297 INFO o.a.j.JMeter: os.name=Windows 10
2021-04-05 04:22:08,298 INFO o.a.j.JMeter: os.arch=amd64
2021-04-05 04:22:08,298 INFO o.a.j.JMeter: os.version=10.0
2021-04-05 04:22:08,298 INFO o.a.j.JMeter: file.encoding=Cp1252
2021-04-05 04:22:08,298 INFO o.a.j.JMeter: java.awt.headless=true
2021-04-05 04:22:08,298 INFO o.a.j.JMeter: Max memory     =1073741824
2021-04-05 04:22:08,299 INFO o.a.j.JMeter: Available Processors =8
2021-04-05 04:22:08,309 INFO o.a.j.JMeter: Default Locale=English (EN)
2021-04-05 04:22:08,309 INFO o.a.j.JMeter: JMeter  Locale=English (EN)
2021-04-05 04:22:08,310 INFO o.a.j.JMeter: JMeterHome=C:\Users\kfide\Downloads\apache-jmeter-5.4.1\apache-jmeter-5.4.1
2021-04-05 04:22:08,310 INFO o.a.j.JMeter: user.dir  =C:\Windows\System32\config\systemprofile\AppData\Local\Jenkins\.jenkins\workspace\JmeterTestProject
2021-04-05 04:22:08,311 INFO o.a.j.JMeter: PWD       =C:\Windows\System32\config\systemprofile\AppData\Local\Jenkins\.jenkins\workspace\JmeterTestProject
2021-04-05 04:22:08,313 INFO o.a.j.JMeter: IP: 172.16.1.72 Name: KarleeSurface FullName: KarleeSurface.gateway.sasktel.net
2021-04-05 04:22:08,327 INFO o.a.j.s.FileServer: Default base='C:\Windows\System32\config\systemprofile\AppData\Local\Jenkins\.jenkins\workspace\JmeterTestProject'
2021-04-05 04:22:08,328 INFO o.a.j.s.FileServer: Set new base='C:\Users\kfide\Downloads\apache-jmeter-5.4.1\apache-jmeter-5.4.1\bin'
2021-04-05 04:22:08,569 INFO o.a.j.s.SaveService: Testplan (JMX) version: 2.2. Testlog (JTL) version: 2.2
2021-04-05 04:22:08,593 INFO o.a.j.s.SaveService: Using SaveService properties file encoding UTF-8
2021-04-05 04:22:08,599 INFO o.a.j.s.SaveService: Using SaveService properties version 5.0
2021-04-05 04:22:08,607 INFO o.a.j.s.SaveService: Loading file: C:\Users\kfide\Downloads\apache-jmeter-5.4.1\apache-jmeter-5.4.1\bin\JMeterPluginTest.jmx
2021-04-05 04:22:08,674 INFO o.a.j.p.h.s.HTTPSamplerBase: Parser for text/html is org.apache.jmeter.protocol.http.parser.LagartoBasedHtmlParser
2021-04-05 04:22:08,674 INFO o.a.j.p.h.s.HTTPSamplerBase: Parser for application/xhtml+xml is org.apache.jmeter.protocol.http.parser.LagartoBasedHtmlParser
2021-04-05 04:22:08,675 INFO o.a.j.p.h.s.HTTPSamplerBase: Parser for application/xml is org.apache.jmeter.protocol.http.parser.LagartoBasedHtmlParser
2021-04-05 04:22:08,675 INFO o.a.j.p.h.s.HTTPSamplerBase: Parser for text/xml is org.apache.jmeter.protocol.http.parser.LagartoBasedHtmlParser
2021-04-05 04:22:08,675 INFO o.a.j.p.h.s.HTTPSamplerBase: Parser for text/vnd.wap.wml is org.apache.jmeter.protocol.http.parser.RegexpHTMLParser
2021-04-05 04:22:08,675 INFO o.a.j.p.h.s.HTTPSamplerBase: Parser for text/css is org.apache.jmeter.protocol.http.parser.CssParser
2021-04-05 04:22:08,737 INFO o.a.j.JMeter: Creating summariser <summary>
2021-04-05 04:22:08,745 INFO o.a.j.e.StandardJMeterEngine: Running the test!
2021-04-05 04:22:08,745 INFO o.a.j.s.SampleEvent: List of sample_variables: []
2021-04-05 04:22:08,746 INFO o.a.j.s.SampleEvent: List of sample_variables: []
2021-04-05 04:22:08,754 INFO o.a.j.e.u.CompoundVariable: Note: Function class names must contain the string: '.functions.'
2021-04-05 04:22:08,754 INFO o.a.j.e.u.CompoundVariable: Note: Function class names must not contain the string: '.gui.'
2021-04-05 04:22:09,184 INFO o.a.j.JMeter: Running test (1617618129184)
2021-04-05 04:22:09,224 INFO o.a.j.e.StandardJMeterEngine: Starting ThreadGroup: 1 : Thread Group
2021-04-05 04:22:09,224 INFO o.a.j.e.StandardJMeterEngine: Starting 5 threads for group Thread Group.
2021-04-05 04:22:09,224 INFO o.a.j.e.StandardJMeterEngine: Thread will continue on error
2021-04-05 04:22:09,224 INFO o.a.j.t.ThreadGroup: Starting thread group... number=1 threads=5 ramp-up=1 delayedStart=false
2021-04-05 04:22:09,237 INFO o.a.j.t.ThreadGroup: Started thread group number 1
2021-04-05 04:22:09,237 INFO o.a.j.e.StandardJMeterEngine: All thread groups have been started
2021-04-05 04:22:09,239 INFO o.a.j.t.JMeterThread: Thread started: Thread Group 1-1
2021-04-05 04:22:09,433 INFO o.a.j.t.JMeterThread: Thread started: Thread Group 1-2
2021-04-05 04:22:09,564 INFO o.a.j.p.h.s.HTTPHCAbstractImpl: Local host = KarleeSurface
2021-04-05 04:22:09,578 INFO o.a.j.p.h.s.HTTPHC4Impl: HTTP request retry count = 0
2021-04-05 04:22:09,580 INFO o.a.j.s.SampleResult: Note: Sample TimeStamps are START times
2021-04-05 04:22:09,580 INFO o.a.j.s.SampleResult: sampleresult.default.encoding is set to ISO-8859-1
2021-04-05 04:22:09,580 INFO o.a.j.s.SampleResult: sampleresult.useNanoTime=true
2021-04-05 04:22:09,581 INFO o.a.j.s.SampleResult: sampleresult.nanoThreadSleep=5000
2021-04-05 04:22:09,632 INFO o.a.j.t.JMeterThread: Thread started: Thread Group 1-3
2021-04-05 04:22:09,831 INFO o.a.j.t.JMeterThread: Thread started: Thread Group 1-4
2021-04-05 04:22:10,029 INFO o.a.j.t.JMeterThread: Thread started: Thread Group 1-5
2021-04-05 04:22:10,975 INFO o.a.j.p.h.s.h.LazyLayeredConnectionSocketFactory: Setting up HTTPS TrustAll Socket Factory
2021-04-05 04:22:10,995 INFO o.a.j.u.JsseSSLManager: Using default SSL protocol: TLS
2021-04-05 04:22:10,995 INFO o.a.j.u.JsseSSLManager: SSL session context: per-thread
2021-04-05 04:22:13,061 INFO o.a.j.u.SSLManager: JmeterKeyStore Location:  type JKS
2021-04-05 04:22:13,064 INFO o.a.j.u.SSLManager: KeyStore created OK
2021-04-05 04:22:13,065 WARN o.a.j.u.SSLManager: Keystore file not found, loading empty keystore
2021-04-05 04:22:20,863 INFO o.a.j.t.JMeterThread: Thread is done: Thread Group 1-2
2021-04-05 04:22:20,864 INFO o.a.j.t.JMeterThread: Thread finished: Thread Group 1-2
2021-04-05 04:22:22,056 INFO o.a.j.t.JMeterThread: Thread is done: Thread Group 1-5
2021-04-05 04:22:22,057 INFO o.a.j.t.JMeterThread: Thread finished: Thread Group 1-5
2021-04-05 04:22:23,743 INFO o.a.j.t.JMeterThread: Thread is done: Thread Group 1-4
2021-04-05 04:22:23,743 INFO o.a.j.t.JMeterThread: Thread finished: Thread Group 1-4
2021-04-05 04:22:24,505 INFO o.a.j.t.JMeterThread: Thread is done: Thread Group 1-1
2021-04-05 04:22:24,505 INFO o.a.j.t.JMeterThread: Thread finished: Thread Group 1-1
2021-04-05 04:22:26,081 INFO o.a.j.t.JMeterThread: Thread is done: Thread Group 1-3
2021-04-05 04:22:26,081 INFO o.a.j.t.JMeterThread: Thread finished: Thread Group 1-3
2021-04-05 04:22:26,082 INFO o.a.j.e.StandardJMeterEngine: Notifying test listeners of end of test
2021-04-05 04:22:26,086 INFO o.a.j.r.Summariser: summary =     45 in 00:00:17 =    2.7/s Avg:  1318 Min:   312 Max:  5607 Err:     0 (0.00%)
